<?xml version="1.0" encoding="UTF-8"?>
<testsuite name="com.moodAnalyserTest.MoodAnalyserTest" tests="3" skipped="0" failures="0" errors="0" timestamp="2021-12-04T06:18:03" hostname="DESKTOP-DE643GH" time="0.061">
  <properties/>
  <testcase name="testAnalyseMoodForSadUsingParamConst()" classname="com.moodAnalyserTest.MoodAnalyserTest" time="0.042"/>
  <testcase name="testAnalyseMoodForSad()" classname="com.moodAnalyserTest.MoodAnalyserTest" time="0.004"/>
  <testcase name="testAnalyseMoodForAnyMood()" classname="com.moodAnalyserTest.MoodAnalyserTest" time="0.006"/>
  <system-out><![CDATA[]]></system-out>
  <system-err><![CDATA[]]></system-err>
</testsuite>
