<?xml version="1.0" encoding="UTF-8"?>
<testsuite name="com.moodAnalyserTest.MoodAnalyserTest" tests="3" skipped="0" failures="0" errors="0" timestamp="2021-11-29T16:52:17" hostname="DESKTOP-DE643GH" time="0.038">
  <properties/>
  <testcase name="testAnalyseMoodForSadUsingParamConst()" classname="com.moodAnalyserTest.MoodAnalyserTest" time="0.032"/>
  <testcase name="testAnalyseMoodForSad()" classname="com.moodAnalyserTest.MoodAnalyserTest" time="0.001"/>
  <testcase name="testAnalyseMoodForAnyMood()" classname="com.moodAnalyserTest.MoodAnalyserTest" time="0.001"/>
  <system-out><![CDATA[]]></system-out>
  <system-err><![CDATA[]]></system-err>
</testsuite>
