<?xml version="1.0" encoding="UTF-8"?>
<testsuite name="com.moodAnalyserTest.MoodAnalyserTest" tests="1" skipped="0" failures="0" errors="0" timestamp="2021-12-04T06:40:45" hostname="DESKTOP-DE643GH" time="0.028">
  <properties/>
  <testcase name="testAnalyseMoodForSadUsingParamConst()" classname="com.moodAnalyserTest.MoodAnalyserTest" time="0.028"/>
  <system-out><![CDATA[]]></system-out>
  <system-err><![CDATA[]]></system-err>
</testsuite>
