<?xml version="1.0" encoding="UTF-8"?>
<testsuite name="com.moodAnalyserTest.MoodAnalyserTest" tests="1" skipped="0" failures="0" errors="0" timestamp="2021-11-29T16:36:40" hostname="DESKTOP-DE643GH" time="0.033">
  <properties/>
  <testcase name="testAnalyseMoodForSad()" classname="com.moodAnalyserTest.MoodAnalyserTest" time="0.033"/>
  <system-out><![CDATA[]]></system-out>
  <system-err><![CDATA[]]></system-err>
</testsuite>
